<?xml version="1.0" encoding="UTF-8"?>
<testsuite xmlns:xsi="http://www.w3.org/2001/XMLSchema-instance" xsi:noNamespaceSchemaLocation="https://maven.apache.org/surefire/maven-surefire-plugin/xsd/surefire-test-report.xsd" version="3.0.2" name="com.budgetapp.BudgetAppApplicationTests" time="26.692" tests="1" errors="0" skipped="0" failures="0">
  <properties>
[...]
</properties>
  <testcase name="contextLoads" classname="com.budgetapp.BudgetAppApplicationTests" time="1.362">
    <system-out><![CDATA[00:10:08.842 [main] INFO org.springframework.test.context.support.AnnotationConfigContextLoaderUtils -- Could not detect default configuration classes for test class [com.budgetapp.BudgetAppApplicationTests]: BudgetAppApplicationTests does not declare any static, non-private, non-final, nested classes annotated with @Configuration.
00:10:09.204 [main] INFO org.springframework.boot.test.context.SpringBootTestContextBootstrapper -- Found @SpringBootConfiguration com.budgetapp.BudgetAppApplication for test class com.budgetapp.BudgetAppApplicationTests

  .   ____          _            __ _ _
 /\\ / ___'_ __ _ _(_)_ __  __ _ \ \ \ \
( ( )\___ | '_ | '_| | '_ \/ _` | \ \ \ \
 \\/  ___)| |_)| | | | | || (_| |  ) ) ) )
  '  |____| .__|_| |_|_| |_\__, | / / / /
 =========|_|==============|___/=/_/_/_/

 :: Spring Boot ::                (v3.4.5)

00:10:11.178 INFO  o.h.validator.internal.util.Version - HV000001: Hibernate Validator 8.0.2.Final
00:10:11.292 INFO  c.b.BudgetAppApplicationTests - Starting BudgetAppApplicationTests using Java 25.0.3 with PID 11488 (started by Perdorues in C:\Users\Perdorues\Desktop\Moeny Budget\backend)
00:10:11.294 DEBUG c.b.BudgetAppApplicationTests - Running with Spring Boot v3.4.5, Spring v6.2.6
00:10:11.296 INFO  c.b.BudgetAppApplicationTests - No active profile set, falling back to 1 default profile: "default"
00:10:15.184 INFO  o.s.d.r.c.RepositoryConfigurationDelegate - Bootstrapping Spring Data JPA repositories in DEFAULT mode.
00:10:15.418 INFO  o.s.d.r.c.RepositoryConfigurationDelegate - Finished Spring Data repository scanning in 207 ms. Found 7 JPA repository interfaces.
00:10:18.726 INFO  o.h.jpa.internal.util.LogHelper - HHH000204: Processing PersistenceUnitInfo [name: default]
00:10:19.027 INFO  org.hibernate.Version - HHH000412: Hibernate ORM core version 6.6.13.Final
00:10:19.169 INFO  o.h.c.i.RegionFactoryInitiator - HHH000026: Second-level cache disabled
00:10:20.041 INFO  o.s.o.j.p.SpringPersistenceUnitInfo - No LoadTimeWeaver setup: ignoring JPA class transformer
00:10:20.141 INFO  com.zaxxer.hikari.HikariDataSource - HikariPool-1 - Starting...
00:10:20.666 INFO  com.zaxxer.hikari.pool.HikariPool - HikariPool-1 - Added connection conn0: url=jdbc:h2:mem:testdb user=SA
00:10:20.672 INFO  com.zaxxer.hikari.HikariDataSource - HikariPool-1 - Start completed.
00:10:20.835 INFO  o.hibernate.orm.connections.pooling - HHH10001005: Database info:
	Database JDBC URL [Connecting through datasource 'HikariDataSource (HikariPool-1)']
	Database driver: undefined/unknown
	Database version: 2.3.232
	Autocommit mode: undefined/unknown
	Isolation level: undefined/unknown
	Minimum pool size: undefined/unknown
	Maximum pool size: undefined/unknown
00:10:23.688 INFO  o.h.e.t.j.p.i.JtaPlatformInitiator - HHH000489: No JTA platform available (set 'hibernate.transaction.jta.platform' to enable JTA platform integration)
00:10:23.862 INFO  o.s.o.j.LocalContainerEntityManagerFactoryBean - Initialized JPA EntityManagerFactory for persistence unit 'default'
00:10:25.270 INFO  o.s.d.j.r.query.QueryEnhancerFactory - Hibernate is in classpath; If applicable, HQL parser will be used.
00:10:28.956 WARN  o.s.b.a.o.j.JpaBaseConfiguration$JpaWebConfiguration - spring.jpa.open-in-view is enabled by default. Therefore, database queries may be performed during view rendering. Explicitly configure spring.jpa.open-in-view to disable this warning
00:10:29.056 INFO  o.s.s.c.a.a.c.InitializeUserDetailsBeanManagerConfigurer$InitializeUserDetailsManagerConfigurer - Global AuthenticationManager configured with UserDetailsService bean with name customUserDetailsService
00:10:30.559 INFO  o.s.b.a.e.web.EndpointLinksResolver - Exposing 1 endpoint beneath base path '/actuator'
00:10:32.963 INFO  c.b.BudgetAppApplicationTests - Started BudgetAppApplicationTests in 23.164 seconds (process running for 26.436)
00:10:33.262 INFO  c.b.config.StartupRecurringCheck - Running startup check for due recurring transactions...
00:10:33.646 INFO  c.b.s.RecurringTransactionScheduler - Recurring job: 0 due transaction(s) found
]]></system-out>
    <system-err><![CDATA[Mockito is currently self-attaching to enable the inline-mock-maker. This will no longer work in future releases of the JDK. Please add Mockito as an agent to your build what is described in Mockito's documentation: https://javadoc.io/doc/org.mockito/mockito-core/latest/org/mockito/Mockito.html#0.3
WARNING: A Java agent has been loaded dynamically (C:\Users\Perdorues\.m2\repository\net\bytebuddy\byte-buddy-agent\1.15.11\byte-buddy-agent-1.15.11.jar)
WARNING: If a serviceability tool is in use, please run with -XX:+EnableDynamicAgentLoading to hide this warning
WARNING: If a serviceability tool is not in use, please run with -Djdk.instrument.traceUsage for more information
WARNING: Dynamic loading of agents will be disallowed by default in a future release
]]></system-err>
  </testcase>
</testsuite>